d:\agh university of science and technology\rok ii semestr i\programowanie obiektowe\laboratoria\wholesale\wholesale\debug\vc140.pdb
d:\agh university of science and technology\rok ii semestr i\programowanie obiektowe\laboratoria\wholesale\wholesale\debug\vc140.idb
d:\agh university of science and technology\rok ii semestr i\programowanie obiektowe\laboratoria\wholesale\wholesale\debug\cpu.obj
d:\agh university of science and technology\rok ii semestr i\programowanie obiektowe\laboratoria\wholesale\wholesale\debug\dijkstrasalgorithm.obj
d:\agh university of science and technology\rok ii semestr i\programowanie obiektowe\laboratoria\wholesale\wholesale\debug\doublelinkedlist.obj
d:\agh university of science and technology\rok ii semestr i\programowanie obiektowe\laboratoria\wholesale\wholesale\debug\gpu.obj
d:\agh university of science and technology\rok ii semestr i\programowanie obiektowe\laboratoria\wholesale\wholesale\debug\headquater.obj
d:\agh university of science and technology\rok ii semestr i\programowanie obiektowe\laboratoria\wholesale\wholesale\debug\main.obj
d:\agh university of science and technology\rok ii semestr i\programowanie obiektowe\laboratoria\wholesale\wholesale\debug\map.obj
d:\agh university of science and technology\rok ii semestr i\programowanie obiektowe\laboratoria\wholesale\wholesale\debug\motherboard.obj
d:\agh university of science and technology\rok ii semestr i\programowanie obiektowe\laboratoria\wholesale\wholesale\debug\powersupply.obj
d:\agh university of science and technology\rok ii semestr i\programowanie obiektowe\laboratoria\wholesale\wholesale\debug\ram.obj
d:\agh university of science and technology\rok ii semestr i\programowanie obiektowe\laboratoria\wholesale\debug\wholesale.ilk
d:\agh university of science and technology\rok ii semestr i\programowanie obiektowe\laboratoria\wholesale\debug\wholesale.exe
d:\agh university of science and technology\rok ii semestr i\programowanie obiektowe\laboratoria\wholesale\debug\wholesale.pdb
d:\agh university of science and technology\rok ii semestr i\programowanie obiektowe\laboratoria\wholesale\wholesale\debug\wholesale.tlog\cl.command.1.tlog
d:\agh university of science and technology\rok ii semestr i\programowanie obiektowe\laboratoria\wholesale\wholesale\debug\wholesale.tlog\cl.read.1.tlog
d:\agh university of science and technology\rok ii semestr i\programowanie obiektowe\laboratoria\wholesale\wholesale\debug\wholesale.tlog\cl.write.1.tlog
d:\agh university of science and technology\rok ii semestr i\programowanie obiektowe\laboratoria\wholesale\wholesale\debug\wholesale.tlog\link.command.1.tlog
d:\agh university of science and technology\rok ii semestr i\programowanie obiektowe\laboratoria\wholesale\wholesale\debug\wholesale.tlog\link.read.1.tlog
d:\agh university of science and technology\rok ii semestr i\programowanie obiektowe\laboratoria\wholesale\wholesale\debug\wholesale.tlog\link.write.1.tlog
